  main.cpp
main.cpp(49): warning C4244: 'argument': conversion from 'double' to 'size_t', possible loss of data
main.cpp(54): warning C4244: 'argument': conversion from 'double' to 'size_t', possible loss of data
main.cpp(65): warning C4244: 'argument': conversion from 'double' to 'int', possible loss of data
main.cpp(66): warning C4244: 'argument': conversion from 'double' to 'int', possible loss of data
main.cpp(67): warning C4244: 'argument': conversion from 'double' to 'int', possible loss of data
main.cpp(70): warning C4244: 'argument': conversion from 'double' to 'int', possible loss of data
main.cpp(71): warning C4244: 'argument': conversion from 'double' to 'int', possible loss of data
main.cpp(72): warning C4244: 'argument': conversion from 'double' to 'int', possible loss of data
main.cpp(78): warning C4244: 'argument': conversion from 'double' to 'size_t', possible loss of data
main.cpp(34): warning C4101: 'f_outv': unreferenced local variable
main.cpp(34): warning C4101: 'f_outy': unreferenced local variable
main.cpp(31): warning C4101: 'v': unreferenced local variable
main.cpp(29): warning C4101: 'f_u': unreferenced local variable
main.cpp(29): warning C4101: 'f_y': unreferenced local variable
main.cpp(28): warning C4101: 'f_out': unreferenced local variable
main.cpp(31): warning C4101: 'y': unreferenced local variable
main.cpp(30): warning C4101: 'j': unreferenced local variable
main.cpp(30): warning C4101: 'i': unreferenced local variable
main.cpp(29): warning C4101: 'f_v': unreferenced local variable
main.cpp(33): warning C4101: 'face_num': unreferenced local variable
main.cpp(31): warning C4101: 'u': unreferenced local variable
main.cpp(34): warning C4101: 'f_outu': unreferenced local variable
  Generating code
  1 of 87 functions ( 1.1%) were compiled, the rest were copied from previous compilation.
    0 functions were new in current compilation
    0 functions had inline decision re-evaluated but remain unchanged
  Finished generating code
  YUV_reader.vcxproj -> C:\HDR\hdr-plus\build2\x64\Release\YUV_reader.exe
  YUV_reader.vcxproj -> C:\HDR\hdr-plus\build2\x64\Release\YUV_reader.pdb (Full PDB)
